<?xml version="1.0" encoding="UTF-8"?>
<testsuite xmlns:xsi="http://www.w3.org/2001/XMLSchema-instance" xsi:noNamespaceSchemaLocation="https://maven.apache.org/surefire/maven-surefire-plugin/xsd/surefire-test-report-3.0.xsd" version="3.0" name="com.idempotent.security.ApiKeyAuthenticationProviderEdgeCaseTest" time="0.21" tests="12" errors="0" skipped="0" failures="0">
  <properties>
[...]
</properties>
  <testcase name="shouldPreserveApiKeyInAuthenticatedToken" classname="com.idempotent.security.ApiKeyAuthenticationProviderEdgeCaseTest" time="0.005"/>
  <testcase name="shouldHandleWhitespaceOnlyApiKey" classname="com.idempotent.security.ApiKeyAuthenticationProviderEdgeCaseTest" time="0.006">
    <system-out><![CDATA[2026-02-02 16:30:27.408 [main] WARN  c.i.s.ApiKeyAuthenticationProvider - API Key authentication failed: invalid API key
]]></system-out>
  </testcase>
  <testcase name="shouldHandleProviderReturningDifferentResults" classname="com.idempotent.security.ApiKeyAuthenticationProviderEdgeCaseTest" time="0.004">
    <system-out><![CDATA[2026-02-02 16:30:27.416 [main] WARN  c.i.s.ApiKeyAuthenticationProvider - API Key authentication failed: invalid API key
]]></system-out>
  </testcase>
  <testcase name="shouldSupportApiKeyAuthenticationTokenClass" classname="com.idempotent.security.ApiKeyAuthenticationProviderEdgeCaseTest" time="0.003"/>
  <testcase name="shouldRejectVeryLongInvalidApiKey" classname="com.idempotent.security.ApiKeyAuthenticationProviderEdgeCaseTest" time="0.007">
    <system-out><![CDATA[2026-02-02 16:30:27.437 [main] WARN  c.i.s.ApiKeyAuthenticationProvider - API Key authentication failed: invalid API key
]]></system-out>
  </testcase>
  <testcase name="shouldHandleSingleCharacterApiKey" classname="com.idempotent.security.ApiKeyAuthenticationProviderEdgeCaseTest" time="0.007"/>
  <testcase name="shouldNotSupportOtherAuthenticationTypes" classname="com.idempotent.security.ApiKeyAuthenticationProviderEdgeCaseTest" time="0.005"/>
  <testcase name="shouldAuthenticateWithVeryLongValidApiKey" classname="com.idempotent.security.ApiKeyAuthenticationProviderEdgeCaseTest" time="0.004"/>
  <testcase name="shouldReturnNullWhenValidationThrowsException" classname="com.idempotent.security.ApiKeyAuthenticationProviderEdgeCaseTest" time="0.004"/>
  <testcase name="shouldHandleApiKeyWithSpecialCharacters" classname="com.idempotent.security.ApiKeyAuthenticationProviderEdgeCaseTest" time="0.006"/>
  <testcase name="shouldCreateAuthenticatedTokenWithEmptyAuthorities" classname="com.idempotent.security.ApiKeyAuthenticationProviderEdgeCaseTest" time="0.006"/>
  <testcase name="shouldReturnNullForWrongAuthenticationType" classname="com.idempotent.security.ApiKeyAuthenticationProviderEdgeCaseTest" time="0.123"/>
</testsuite>