-------------------------------------------------------------------------------
Test set: com.idempotent.controller.IdempotencyControllerTest
-------------------------------------------------------------------------------
Tests run: 5, Failures: 2, Errors: 0, Skipped: 0, Time elapsed: 3.040 s <<< FAILURE! -- in com.idempotent.controller.IdempotencyControllerTest
com.idempotent.controller.IdempotencyControllerTest.shouldReturn200ForNewKey -- Time elapsed: 0.059 s <<< FAILURE!
java.lang.AssertionError: No value at JSON path "$.isNew"
	at org.springframework.test.util.JsonPathExpectationsHelper.evaluateJsonPath(JsonPathExpectationsHelper.java:302)
	at org.springframework.test.util.JsonPathExpectationsHelper.assertValue(JsonPathExpectationsHelper.java:99)
	at org.springframework.test.web.servlet.result.JsonPathResultMatchers.lambda$value$2(JsonPathResultMatchers.java:111)
	at org.springframework.test.web.servlet.MockMvc$1.andExpect(MockMvc.java:214)
	at com.idempotent.controller.IdempotencyControllerTest.shouldReturn200ForNewKey(IdempotencyControllerTest.java:58)
	at java.base/java.lang.reflect.Method.invoke(Method.java:569)
	at java.base/java.util.ArrayList.forEach(ArrayList.java:1511)
	at java.base/java.util.ArrayList.forEach(ArrayList.java:1511)
Caused by: com.jayway.jsonpath.PathNotFoundException: No results for path: $['isNew']

com.idempotent.controller.IdempotencyControllerTest.shouldReturn409ForDuplicateKey -- Time elapsed: 0.014 s <<< FAILURE!
java.lang.AssertionError: No value at JSON path "$.isNew"
	at org.springframework.test.util.JsonPathExpectationsHelper.evaluateJsonPath(JsonPathExpectationsHelper.java:302)
	at org.springframework.test.util.JsonPathExpectationsHelper.assertValue(JsonPathExpectationsHelper.java:99)
	at org.springframework.test.web.servlet.result.JsonPathResultMatchers.lambda$value$2(JsonPathResultMatchers.java:111)
	at org.springframework.test.web.servlet.MockMvc$1.andExpect(MockMvc.java:214)
	at com.idempotent.controller.IdempotencyControllerTest.shouldReturn409ForDuplicateKey(IdempotencyControllerTest.java:85)
	at java.base/java.lang.reflect.Method.invoke(Method.java:569)
	at java.base/java.util.ArrayList.forEach(ArrayList.java:1511)
	at java.base/java.util.ArrayList.forEach(ArrayList.java:1511)
Caused by: com.jayway.jsonpath.PathNotFoundException: No results for path: $['isNew']

